
ROM used:   344/8192 (4%)
            344/8192 (4%) including unused fragments

            0.3 Average locations per line
            2.7 Average locations per statement

RAM used:   5/368 (1%) at main() level
            17/368 (5%) worst case

Stack used: 4 worst case (4 in main + 0 for interrupts)
Stack size: 8

Lines Stmts  %   Files
----- ----- ---  -----
   59    45  35  lecdbakma.c
   10     0   0  lecdbakma.h
  639     0   0  ..\..\..\..\Program Files (x86)\PICC\Devices\16F877.h
  456    84  65  ..\..\..\..\Program Files (x86)\PICC\Drivers\lcd.c
----- -----
 1164   129 Total

Page ROM  %  RAM   Vol Diff  Functions:
---- --- --- ---   --- ----  ----------
0     20   6    1             @delay_ms2
 Inline         3   596  5.9  lcd_read_byte
0      6   2    0    59  4.2  lcd_read_nibble
0     13   4    1   179  3.3  lcd_send_nibble
0     64  19    3   460  4.7  lcd_send_byte
0     62  18    6   814  7.2  lcd_init
0     18   5    4   208  6.3  lcd_gotoxy
0     44  13    1   354  4.7  lcd_putc
0    113  33    0  1049  4.8  MAIN
 Inline         0             @cinit1

Program metrics:
    Functions               8
    Statements              129
    Comments                241
    Volume (V)              5520
    Difficulty (D)          39.5
    Effort to implement (E) 217966
    Time to implement (T)   3 hours, 22 minutes
    Est Delivered Bugs (B)  1
    Cyclomatic Complexity   16
    Maintainability (MI)    131

 Segment     Used  Free
-----------  ----  ----
00000-00003     4  0  
00004-007FF   340  1704  
00800-00FFF     0  2048  
01000-017FF     0  2048  
01800-01FFF     0  2048  



