CCS PCM C Compiler, Version 5.015, 61971               02-Haz-18 17:39

               Filename:   C:\Users\tr\Desktop\pýc2\lecdbakma.lst

               ROM used:   344 words (4%)
                           Largest free fragment is 2048
               RAM used:   5 (1%) at main() level
                           17 (5%) worst case
               Stack used: 4 locations
               Stack size: 8

*
0000:  MOVLW  00
0001:  MOVWF  0A
0002:  GOTO   0E7
0003:  NOP
.................... #include <lecdbakma.h>      
.................... #include <16F877.h> 
.................... //////////// Standard Header file for the PIC16F877 device //////////////// 
.................... /////////////////////////////////////////////////////////////////////////// 
.................... ////        (C) Copyright 1996, 2013 Custom Computer Services          //// 
.................... //// This source code may only be used by licensed users of the CCS C  //// 
.................... //// compiler.  This source code may only be distributed to other      //// 
.................... //// licensed users of the CCS C compiler.  No other use, reproduction //// 
.................... //// or distribution is permitted without written permission.          //// 
.................... //// Derivative programs created using this software in object code    //// 
.................... //// form are not restricted in any way.                               //// 
.................... /////////////////////////////////////////////////////////////////////////// 
.................... #device PIC16F877 
....................  
.................... #list 
....................  
.................... #device ADC=16 
....................  
.................... #FUSES NOWDT                 	//No Watch Dog Timer 
.................... #FUSES NOBROWNOUT            	//No brownout reset 
.................... #FUSES NOLVP                 	//No low voltage prgming, B3(PIC16) or B5(PIC18) used for I/O 
....................  
.................... #use delay(crystal=4000000) 
....................  
....................  
.................... #fuses HS                  //FUSES :Bu komut ile kullanýlan mikrodenetleyici ile ilgili  
....................                            //konfigürasyon bitlerinin durumunu belirtir. 
....................                            //HS : Yüksek hýzý ( 8 MHZ ) 
.................... #use delay(clock=8000000)  //Saat Frekansý belirdik. 
0004:  MOVLW  27
0005:  MOVWF  04
0006:  BCF    03.7
0007:  MOVF   00,W
0008:  BTFSC  03.2
0009:  GOTO   017
000A:  MOVLW  02
000B:  MOVWF  78
000C:  CLRF   77
000D:  DECFSZ 77,F
000E:  GOTO   00D
000F:  DECFSZ 78,F
0010:  GOTO   00C
0011:  MOVLW  97
0012:  MOVWF  77
0013:  DECFSZ 77,F
0014:  GOTO   013
0015:  DECFSZ 00,F
0016:  GOTO   00A
0017:  RETURN
.................... #use fast_io(b)            //FAST_ÝO() komutu ile mikrodenetleyicinin hangi portunu 
....................                            //kullandýðýný belirtir. 
.................... #include <lcd.c>           //LCD ekranýn kütüphanesi 
.................... /////////////////////////////////////////////////////////////////////////////// 
.................... ////                             LCD.C                                     //// 
.................... ////                 Driver for common LCD modules                         //// 
.................... ////                                                                       //// 
.................... ////  lcd_init()   Must be called before any other function.               //// 
.................... ////                                                                       //// 
.................... ////  lcd_putc(c)  Will display c on the next position of the LCD.         //// 
.................... ////                 \a  Set cursor position to upper left                 //// 
.................... ////                 \f  Clear display, set cursor to upper left           //// 
.................... ////                 \n  Go to start of second line                        //// 
.................... ////                 \b  Move back one position                            //// 
.................... ////              If LCD_EXTENDED_NEWLINE is defined, the \n character     //// 
.................... ////              will erase all remanining characters on the current      //// 
.................... ////              line, and move the cursor to the beginning of the next   //// 
.................... ////              line.                                                    //// 
.................... ////              If LCD_EXTENDED_NEWLINE is defined, the \r character     //// 
.................... ////              will move the cursor to the start of the current         //// 
.................... ////              line.                                                    //// 
.................... ////                                                                       //// 
.................... ////  lcd_gotoxy(x,y) Set write position on LCD (upper left is 1,1)        //// 
.................... ////                                                                       //// 
.................... ////  lcd_getc(x,y)   Returns character at position x,y on LCD             //// 
.................... ////                                                                       //// 
.................... ////  lcd_cursor_on(int1 on)   Turn the cursor on (on=TRUE) or off         //// 
.................... ////              (on=FALSE).                                              //// 
.................... ////                                                                       //// 
.................... ////  lcd_set_cgram_char(w, *p)   Write a custom character to the CGRAM.   //// 
.................... ////                                                                       //// 
.................... ////                                                                       //// 
.................... ////  CONFIGURATION                                                        //// 
.................... ////  The LCD can be configured in one of two ways: a.) port access or     //// 
.................... ////  b.) pin access.  Port access requires the entire 7 bit interface     //// 
.................... ////  connected to one GPIO port, and the data bits (D4:D7 of the LCD)     //// 
.................... ////  connected to sequential pins on the GPIO.  Pin access                //// 
.................... ////  has no requirements, all 7 bits of the control interface can         //// 
.................... ////  can be connected to any GPIO using several ports.                    //// 
.................... ////                                                                       //// 
.................... ////  To use port access, #define LCD_DATA_PORT to the SFR location of     //// 
.................... ////  of the GPIO port that holds the interface, -AND- edit LCD_PIN_MAP    //// 
.................... ////  of this file to configure the pin order.  If you are using a         //// 
.................... ////  baseline PIC (PCB), then LCD_OUTPUT_MAP and LCD_INPUT_MAP also must  //// 
.................... ////  be defined.                                                          //// 
.................... ////                                                                       //// 
.................... ////  Example of port access:                                              //// 
.................... ////     #define LCD_DATA_PORT getenv("SFR:PORTD")                         //// 
.................... ////                                                                       //// 
.................... ////  To use pin access, the following pins must be defined:               //// 
.................... ////     LCD_ENABLE_PIN                                                    //// 
.................... ////     LCD_RS_PIN                                                        //// 
.................... ////     LCD_RW_PIN                                                        //// 
.................... ////     LCD_DATA4                                                         //// 
.................... ////     LCD_DATA5                                                         //// 
.................... ////     LCD_DATA6                                                         //// 
.................... ////     LCD_DATA7                                                         //// 
.................... ////                                                                       //// 
.................... ////  Example of pin access:                                               //// 
.................... ////     #define LCD_ENABLE_PIN  PIN_E0                                    //// 
.................... ////     #define LCD_RS_PIN      PIN_E1                                    //// 
.................... ////     #define LCD_RW_PIN      PIN_E2                                    //// 
.................... ////     #define LCD_DATA4       PIN_D4                                    //// 
.................... ////     #define LCD_DATA5       PIN_D5                                    //// 
.................... ////     #define LCD_DATA6       PIN_D6                                    //// 
.................... ////     #define LCD_DATA7       PIN_D7                                    //// 
.................... ////                                                                       //// 
.................... /////////////////////////////////////////////////////////////////////////////// 
.................... ////        (C) Copyright 1996,2010 Custom Computer Services           //// 
.................... //// This source code may only be used by licensed users of the CCS C  //// 
.................... //// compiler.  This source code may only be distributed to other      //// 
.................... //// licensed users of the CCS C compiler.  No other use, reproduction //// 
.................... //// or distribution is permitted without written permission.          //// 
.................... //// Derivative programs created using this software in object code    //// 
.................... //// form are not restricted in any way.                               //// 
.................... /////////////////////////////////////////////////////////////////////////// 
....................  
.................... #ifndef __LCD_C__ 
.................... #define __LCD_C__ 
....................  
.................... // define the pinout. 
.................... // only required if port access is being used. 
.................... typedef struct   
.................... {                            // This structure is overlayed 
....................    int1 enable;           // on to an I/O port to gain 
....................    int1 rs;               // access to the LCD pins. 
....................    int1 rw;               // The bits are allocated from 
....................    int1 unused;           // low order up.  ENABLE will 
....................    unsigned int     data : 4;         // be LSB pin of that port. 
....................   #if defined(__PCD__)       // The port used will be LCD_DATA_PORT. 
....................    unsigned int    reserved: 8; 
....................   #endif 
.................... } LCD_PIN_MAP; 
....................  
.................... // this is to improve compatability with previous LCD drivers that accepted 
.................... // a define labeled 'use_portb_lcd' that configured the LCD onto port B. 
.................... #if ((defined(use_portb_lcd)) && (use_portb_lcd==TRUE)) 
....................  #define LCD_DATA_PORT getenv("SFR:PORTB") 
.................... #endif 
....................  
.................... #if defined(__PCB__) 
....................    // these definitions only need to be modified for baseline PICs. 
....................    // all other PICs use LCD_PIN_MAP or individual LCD_xxx pin definitions. 
.................... /*                                    EN, RS,   RW,   UNUSED,  DATA  */ 
....................  const LCD_PIN_MAP LCD_OUTPUT_MAP =  {0,  0,    0,    0,       0}; 
....................  const LCD_PIN_MAP LCD_INPUT_MAP =   {0,  0,    0,    0,       0xF}; 
.................... #endif 
....................  
.................... ////////////////////// END CONFIGURATION /////////////////////////////////// 
....................  
.................... #ifndef LCD_ENABLE_PIN 
....................    #define lcd_output_enable(x) lcdlat.enable=x 
....................    #define lcd_enable_tris()   lcdtris.enable=0 
.................... #else 
....................    #define lcd_output_enable(x) output_bit(LCD_ENABLE_PIN, x) 
....................    #define lcd_enable_tris()  output_drive(LCD_ENABLE_PIN) 
.................... #endif 
....................  
.................... #ifndef LCD_RS_PIN 
....................    #define lcd_output_rs(x) lcdlat.rs=x 
....................    #define lcd_rs_tris()   lcdtris.rs=0 
.................... #else 
....................    #define lcd_output_rs(x) output_bit(LCD_RS_PIN, x) 
....................    #define lcd_rs_tris()  output_drive(LCD_RS_PIN) 
.................... #endif 
....................  
.................... #ifndef LCD_RW_PIN 
....................    #define lcd_output_rw(x) lcdlat.rw=x 
....................    #define lcd_rw_tris()   lcdtris.rw=0 
.................... #else 
....................    #define lcd_output_rw(x) output_bit(LCD_RW_PIN, x) 
....................    #define lcd_rw_tris()  output_drive(LCD_RW_PIN) 
.................... #endif 
....................  
.................... // original version of this library incorrectly labeled LCD_DATA0 as LCD_DATA4, 
.................... // LCD_DATA1 as LCD_DATA5, and so on.  this block of code makes the driver 
.................... // compatible with any code written for the original library 
.................... #if (defined(LCD_DATA0) && defined(LCD_DATA1) && defined(LCD_DATA2) && defined(LCD_DATA3) && !defined(LCD_DATA4) && !defined(LCD_DATA5) && !defined(LCD_DATA6) && !defined(LCD_DATA7)) 
....................    #define  LCD_DATA4    LCD_DATA0 
....................    #define  LCD_DATA5    LCD_DATA1 
....................    #define  LCD_DATA6    LCD_DATA2 
....................    #define  LCD_DATA7    LCD_DATA3 
.................... #endif 
....................  
.................... #ifndef LCD_DATA4 
.................... #ifndef LCD_DATA_PORT 
....................    #if defined(__PCB__) 
....................       #define LCD_DATA_PORT      0x06     //portb 
....................       #define set_tris_lcd(x)   set_tris_b(x) 
....................    #else 
....................      #if defined(PIN_D0) 
....................       #define LCD_DATA_PORT      getenv("SFR:PORTD")     //portd 
....................      #else 
....................       #define LCD_DATA_PORT      getenv("SFR:PORTB")     //portb 
....................      #endif 
....................    #endif    
.................... #endif 
....................  
.................... #if defined(__PCB__) 
....................    LCD_PIN_MAP lcd, lcdlat; 
....................    #byte lcd = LCD_DATA_PORT 
....................    #byte lcdlat = LCD_DATA_PORT 
.................... #elif defined(__PCM__) 
....................    LCD_PIN_MAP lcd, lcdlat, lcdtris; 
....................    #byte lcd = LCD_DATA_PORT 
....................    #byte lcdlat = LCD_DATA_PORT 
....................    #byte lcdtris = LCD_DATA_PORT+0x80 
.................... #elif defined(__PCH__) 
....................    LCD_PIN_MAP lcd, lcdlat, lcdtris; 
....................    #byte lcd = LCD_DATA_PORT 
....................    #byte lcdlat = LCD_DATA_PORT+9 
....................    #byte lcdtris = LCD_DATA_PORT+0x12 
.................... #elif defined(__PCD__) 
....................    LCD_PIN_MAP lcd, lcdlat, lcdtris; 
....................    #word lcd = LCD_DATA_PORT 
....................    #word lcdlat = LCD_DATA_PORT+2 
....................    #word lcdtris = LCD_DATA_PORT-0x02 
.................... #endif 
.................... #endif   //LCD_DATA4 not defined 
....................  
.................... #ifndef LCD_TYPE 
....................    #define LCD_TYPE 2           // 0=5x7, 1=5x10, 2=2 lines 
.................... #endif 
....................  
.................... #ifndef LCD_LINE_TWO 
....................    #define LCD_LINE_TWO 0x40    // LCD RAM address for the second line 
.................... #endif 
....................  
.................... #ifndef LCD_LINE_LENGTH 
....................    #define LCD_LINE_LENGTH 20 
.................... #endif 
....................  
.................... unsigned int8 lcd_read_nibble(void); 
....................  
.................... unsigned int8 lcd_read_byte(void) 
.................... { 
....................    unsigned int8 low,high; 
....................  
....................  #if defined(__PCB__) 
....................    set_tris_lcd(LCD_INPUT_MAP); 
....................  #else 
....................   #if (defined(LCD_DATA4) && defined(LCD_DATA5) && defined(LCD_DATA6) && defined(LCD_DATA7)) 
....................    output_float(LCD_DATA4); 
....................    output_float(LCD_DATA5); 
....................    output_float(LCD_DATA6); 
....................    output_float(LCD_DATA7); 
....................   #else 
....................    lcdtris.data = 0xF; 
*
0031:  MOVLW  0F
0032:  BSF    03.5
0033:  ANDWF  08,W
0034:  IORLW  F0
0035:  MOVWF  08
....................   #endif 
....................  #endif 
....................          
....................    lcd_output_rw(1); 
0036:  BCF    03.5
0037:  BSF    08.2
....................    delay_cycles(1); 
0038:  NOP
....................    lcd_output_enable(1); 
0039:  BSF    08.0
....................    delay_cycles(1); 
003A:  NOP
....................    high = lcd_read_nibble(); 
003B:  CALL   025
003C:  MOVF   78,W
003D:  MOVWF  2B
....................        
....................    lcd_output_enable(0); 
003E:  BCF    08.0
....................    delay_cycles(1); 
003F:  NOP
....................    lcd_output_enable(1); 
0040:  BSF    08.0
....................    delay_us(1); 
0041:  GOTO   042
....................    low = lcd_read_nibble(); 
0042:  CALL   025
0043:  MOVF   78,W
0044:  MOVWF  2A
....................        
....................    lcd_output_enable(0); 
0045:  BCF    08.0
....................  
....................  #if defined(__PCB__) 
....................    set_tris_lcd(LCD_OUTPUT_MAP); 
....................  #else 
....................   #if (defined(LCD_DATA4) && defined(LCD_DATA5) && defined(LCD_DATA6) && defined(LCD_DATA7)) 
....................    output_drive(LCD_DATA4); 
....................    output_drive(LCD_DATA5); 
....................    output_drive(LCD_DATA6); 
....................    output_drive(LCD_DATA7); 
....................   #else 
....................    lcdtris.data = 0x0; 
0046:  MOVLW  0F
0047:  BSF    03.5
0048:  ANDWF  08,W
0049:  MOVWF  08
....................   #endif 
....................  #endif 
....................  
....................    return( (high<<4) | low); 
004A:  BCF    03.5
004B:  SWAPF  2B,W
004C:  MOVWF  77
004D:  MOVLW  F0
004E:  ANDWF  77,F
004F:  MOVF   77,W
0050:  IORWF  2A,W
0051:  MOVWF  78
.................... } 
....................  
.................... unsigned int8 lcd_read_nibble(void) 
.................... { 
....................   #if (defined(LCD_DATA4) && defined(LCD_DATA5) && defined(LCD_DATA6) && defined(LCD_DATA7)) 
....................    unsigned int8 n = 0x00; 
....................  
....................    /* Read the data port */ 
....................    n |= input(LCD_DATA4); 
....................    n |= input(LCD_DATA5) << 1; 
....................    n |= input(LCD_DATA6) << 2; 
....................    n |= input(LCD_DATA7) << 3; 
....................     
....................    return(n); 
....................   #else 
....................    return(lcd.data); 
*
0025:  MOVF   08,W
0026:  MOVWF  77
0027:  SWAPF  08,W
0028:  ANDLW  0F
0029:  MOVWF  78
....................   #endif 
002A:  RETURN
.................... } 
....................  
.................... void lcd_send_nibble(unsigned int8 n) 
.................... { 
....................   #if (defined(LCD_DATA4) && defined(LCD_DATA5) && defined(LCD_DATA6) && defined(LCD_DATA7)) 
....................    /* Write to the data port */ 
....................    output_bit(LCD_DATA4, bit_test(n, 0)); 
....................    output_bit(LCD_DATA5, bit_test(n, 1)); 
....................    output_bit(LCD_DATA6, bit_test(n, 2)); 
....................    output_bit(LCD_DATA7, bit_test(n, 3)); 
....................   #else       
....................    lcdlat.data = n; 
*
0018:  SWAPF  2B,W
0019:  ANDLW  F0
001A:  MOVWF  77
001B:  MOVLW  0F
001C:  ANDWF  08,W
001D:  IORWF  77,W
001E:  MOVWF  08
....................   #endif 
....................        
....................    delay_cycles(1); 
001F:  NOP
....................    lcd_output_enable(1); 
0020:  BSF    08.0
....................    delay_us(2); 
0021:  GOTO   022
0022:  GOTO   023
....................    lcd_output_enable(0); 
0023:  BCF    08.0
0024:  RETURN
.................... } 
....................  
.................... void lcd_send_byte(unsigned int8 address, unsigned int8 n) 
.................... { 
....................   #if defined(__PCB__) 
....................    set_tris_lcd(LCD_OUTPUT_MAP); 
....................   #else 
....................    lcd_enable_tris(); 
*
002B:  BSF    03.5
002C:  BCF    08.0
....................    lcd_rs_tris(); 
002D:  BCF    08.1
....................    lcd_rw_tris(); 
002E:  BCF    08.2
....................   #endif 
....................  
....................    lcd_output_rs(0); 
002F:  BCF    03.5
0030:  BCF    08.1
....................    while ( bit_test(lcd_read_byte(),7) ) ; 
*
0052:  MOVF   78,W
0053:  MOVWF  2A
0054:  BTFSC  2A.7
0055:  GOTO   031
....................    lcd_output_rs(address); 
0056:  BTFSS  28.0
0057:  BCF    08.1
0058:  BTFSC  28.0
0059:  BSF    08.1
....................    delay_cycles(1); 
005A:  NOP
....................    lcd_output_rw(0); 
005B:  BCF    08.2
....................    delay_cycles(1); 
005C:  NOP
....................    lcd_output_enable(0); 
005D:  BCF    08.0
....................    lcd_send_nibble(n >> 4); 
005E:  SWAPF  29,W
005F:  MOVWF  2A
0060:  MOVLW  0F
0061:  ANDWF  2A,F
0062:  MOVF   2A,W
0063:  MOVWF  2B
0064:  CALL   018
....................    lcd_send_nibble(n & 0xf); 
0065:  MOVF   29,W
0066:  ANDLW  0F
0067:  MOVWF  2A
0068:  MOVWF  2B
0069:  CALL   018
006A:  RETURN
.................... } 
....................  
.................... #if defined(LCD_EXTENDED_NEWLINE) 
.................... unsigned int8 g_LcdX, g_LcdY; 
.................... #endif 
....................  
.................... void lcd_init(void)  
.................... { 
....................    unsigned int8 i; 
....................    unsigned int8 LCD_INIT_STRING[4] = {0x20 | (LCD_TYPE << 2), 0xc, 1, 6}; 
006B:  MOVLW  28
006C:  MOVWF  23
006D:  MOVLW  0C
006E:  MOVWF  24
006F:  MOVLW  01
0070:  MOVWF  25
0071:  MOVLW  06
0072:  MOVWF  26
....................                              // These bytes need to be sent to the LCD 
....................                              // to start it up. 
....................     
....................  
....................    lcd_output_enable(0); 
0073:  BCF    08.0
....................    lcd_output_rs(0); 
0074:  BCF    08.1
....................    lcd_output_rw(0); 
0075:  BCF    08.2
....................  
....................  #if defined(__PCB__) 
....................    set_tris_lcd(LCD_OUTPUT_MAP); 
....................  #else 
....................   #if (defined(LCD_DATA4) && defined(LCD_DATA5) && defined(LCD_DATA6) && defined(LCD_DATA7)) 
....................    output_drive(LCD_DATA4); 
....................    output_drive(LCD_DATA5); 
....................    output_drive(LCD_DATA6); 
....................    output_drive(LCD_DATA7); 
....................   #else 
....................    lcdtris.data = 0x0; 
0076:  MOVLW  0F
0077:  BSF    03.5
0078:  ANDWF  08,W
0079:  MOVWF  08
....................   #endif 
....................    lcd_enable_tris(); 
007A:  BCF    08.0
....................    lcd_rs_tris(); 
007B:  BCF    08.1
....................    lcd_rw_tris(); 
007C:  BCF    08.2
....................  #endif 
....................      
....................    delay_ms(15); 
007D:  MOVLW  0F
007E:  BCF    03.5
007F:  MOVWF  27
0080:  CALL   004
....................    for(i=1;i<=3;++i) 
0081:  MOVLW  01
0082:  MOVWF  22
0083:  MOVF   22,W
0084:  SUBLW  03
0085:  BTFSS  03.0
0086:  GOTO   08F
....................    { 
....................        lcd_send_nibble(3); 
0087:  MOVLW  03
0088:  MOVWF  2B
0089:  CALL   018
....................        delay_ms(5); 
008A:  MOVLW  05
008B:  MOVWF  27
008C:  CALL   004
008D:  INCF   22,F
008E:  GOTO   083
....................    } 
....................     
....................    lcd_send_nibble(2); 
008F:  MOVLW  02
0090:  MOVWF  2B
0091:  CALL   018
....................    delay_ms(5); 
0092:  MOVLW  05
0093:  MOVWF  27
0094:  CALL   004
....................    for(i=0;i<=3;++i) 
0095:  CLRF   22
0096:  MOVF   22,W
0097:  SUBLW  03
0098:  BTFSS  03.0
0099:  GOTO   0A6
....................       lcd_send_byte(0,LCD_INIT_STRING[i]); 
009A:  MOVLW  23
009B:  ADDWF  22,W
009C:  MOVWF  04
009D:  BCF    03.7
009E:  MOVF   00,W
009F:  MOVWF  27
00A0:  CLRF   28
00A1:  MOVF   27,W
00A2:  MOVWF  29
00A3:  CALL   02B
....................  
....................   #if defined(LCD_EXTENDED_NEWLINE) 
00A4:  INCF   22,F
00A5:  GOTO   096
00A6:  BCF    0A.3
00A7:  BCF    0A.4
00A8:  GOTO   0F4 (RETURN)
....................    g_LcdX = 0; 
....................    g_LcdY = 0; 
....................   #endif 
.................... } 
....................  
.................... void lcd_gotoxy(unsigned int8 x, unsigned int8 y) 
.................... { 
....................    unsigned int8 address; 
....................     
....................    if(y!=1) 
00A9:  DECFSZ 24,W
00AA:  GOTO   0AC
00AB:  GOTO   0AF
....................       address=LCD_LINE_TWO; 
00AC:  MOVLW  40
00AD:  MOVWF  25
00AE:  GOTO   0B0
....................    else 
....................       address=0; 
00AF:  CLRF   25
....................       
....................    address+=x-1; 
00B0:  MOVLW  01
00B1:  SUBWF  23,W
00B2:  ADDWF  25,F
....................    lcd_send_byte(0,0x80|address); 
00B3:  MOVF   25,W
00B4:  IORLW  80
00B5:  MOVWF  26
00B6:  CLRF   28
00B7:  MOVF   26,W
00B8:  MOVWF  29
00B9:  CALL   02B
....................  
....................   #if defined(LCD_EXTENDED_NEWLINE) 
00BA:  RETURN
....................    g_LcdX = x - 1; 
....................    g_LcdY = y - 1; 
....................   #endif 
.................... } 
....................  
.................... void lcd_putc(char c) 
.................... { 
....................    switch (c) 
00BB:  MOVF   22,W
00BC:  XORLW  07
00BD:  BTFSC  03.2
00BE:  GOTO   0C9
00BF:  XORLW  0B
00C0:  BTFSC  03.2
00C1:  GOTO   0CE
00C2:  XORLW  06
00C3:  BTFSC  03.2
00C4:  GOTO   0D6
00C5:  XORLW  02
00C6:  BTFSC  03.2
00C7:  GOTO   0DC
00C8:  GOTO   0E1
....................    { 
....................       case '\a'   :  lcd_gotoxy(1,1);     break; 
00C9:  MOVLW  01
00CA:  MOVWF  23
00CB:  MOVWF  24
00CC:  CALL   0A9
00CD:  GOTO   0E6
....................  
....................       case '\f'   :  lcd_send_byte(0,1); 
00CE:  CLRF   28
00CF:  MOVLW  01
00D0:  MOVWF  29
00D1:  CALL   02B
....................                      delay_ms(2); 
00D2:  MOVLW  02
00D3:  MOVWF  27
00D4:  CALL   004
....................                     #if defined(LCD_EXTENDED_NEWLINE) 
....................                      g_LcdX = 0; 
....................                      g_LcdY = 0; 
....................                     #endif 
....................                      break; 
00D5:  GOTO   0E6
....................  
....................      #if defined(LCD_EXTENDED_NEWLINE) 
....................       case '\r'   :  lcd_gotoxy(1, g_LcdY+1);   break; 
....................       case '\n'   : 
....................          while (g_LcdX++ < LCD_LINE_LENGTH) 
....................          { 
....................             lcd_send_byte(1, ' '); 
....................          } 
....................          lcd_gotoxy(1, g_LcdY+2); 
....................          break; 
....................      #else 
....................       case '\n'   : lcd_gotoxy(1,2);        break; 
00D6:  MOVLW  01
00D7:  MOVWF  23
00D8:  MOVLW  02
00D9:  MOVWF  24
00DA:  CALL   0A9
00DB:  GOTO   0E6
....................      #endif 
....................       
....................       case '\b'   : lcd_send_byte(0,0x10);  break; 
00DC:  CLRF   28
00DD:  MOVLW  10
00DE:  MOVWF  29
00DF:  CALL   02B
00E0:  GOTO   0E6
....................       
....................      #if defined(LCD_EXTENDED_NEWLINE) 
....................       default     :  
....................          if (g_LcdX < LCD_LINE_LENGTH) 
....................          { 
....................             lcd_send_byte(1, c); 
....................             g_LcdX++; 
....................          } 
....................          break; 
....................      #else 
....................       default     : lcd_send_byte(1,c);     break; 
00E1:  MOVLW  01
00E2:  MOVWF  28
00E3:  MOVF   22,W
00E4:  MOVWF  29
00E5:  CALL   02B
....................      #endif 
....................    } 
00E6:  RETURN
.................... } 
....................   
.................... char lcd_getc(unsigned int8 x, unsigned int8 y) 
.................... { 
....................    char value; 
....................  
....................    lcd_gotoxy(x,y); 
....................    while ( bit_test(lcd_read_byte(),7) ); // wait until busy flag is low 
....................    lcd_output_rs(1); 
....................    value = lcd_read_byte(); 
....................    lcd_output_rs(0); 
....................     
....................    return(value); 
.................... } 
....................  
.................... // write a custom character to the ram 
.................... // which is 0-7 and specifies which character array we are modifying. 
.................... // ptr points to an array of 8 bytes, where each byte is the next row of 
.................... //    pixels.  only bits 0-4 are used.  the last row is the cursor row, and 
.................... //    usually you will want to leave this byte 0x00. 
.................... void lcd_set_cgram_char(unsigned int8 which, unsigned int8 *ptr) 
.................... { 
....................    unsigned int i; 
....................  
....................    which <<= 3; 
....................    which &= 0x38; 
....................  
....................    lcd_send_byte(0, 0x40 | which);  //set cgram address 
....................  
....................    for(i=0; i<8; i++) 
....................    { 
....................       lcd_send_byte(1, *ptr++); 
....................    } 
....................    
....................    #if defined(LCD_EXTENDED_NEWLINE) 
....................     lcd_gotoxy(g_LcdX+1, g_LcdY+1);  //set ddram address 
....................    #endif 
.................... } 
....................  
.................... void lcd_cursor_on(int1 on) 
.................... { 
....................    if (on) 
....................    { 
....................       lcd_send_byte(0,0x0F);           //turn LCD cursor ON 
....................    } 
....................    else 
....................    { 
....................       lcd_send_byte(0,0x0C);           //turn LCD cursor OFF 
....................    } 
.................... } 
....................  
.................... #endif 
....................  
....................  
.................... void main(){ 
00E7:  MOVF   03,W
00E8:  ANDLW  1F
00E9:  MOVWF  03
00EA:  BSF    03.5
00EB:  BSF    1F.0
00EC:  BSF    1F.1
00ED:  BSF    1F.2
00EE:  BCF    1F.3
00EF:  BCF    03.7
....................    set_tris_d(0x00);      //set_tris_d() : Bu komutla porttaki hangi bacaklarýn giriþ/çýkýþ 
00F0:  MOVLW  00
00F1:  MOVWF  08
....................                           //için kullanacaðý belirtmektir. 
....................    lcd_init();           //LCD hazýrlamak için kullanýlan bir komuttur. 
00F2:  BCF    03.5
00F3:  GOTO   06B
....................    int sutun=1;           //Ekranda imlecin kayýp olmasýn diye sayi tanýmladýk. 
00F4:  MOVLW  01
00F5:  MOVWF  21
....................     
....................    while(1) { 
....................       if(input(pin_a0)){             //Ýlk butona týkladýðýnda girecek 
00F6:  BSF    03.5
00F7:  BSF    05.0
00F8:  BCF    03.5
00F9:  BTFSS  05.0
00FA:  GOTO   10E
....................          if(sutun <=0){              //Eger silme butununa çok basýlýrsa sutun sýfýrdan 
00FB:  MOVF   21,F
00FC:  BTFSS  03.2
00FD:  GOTO   100
....................            sutun=1;                  //küçük olabilir baþtan baþlatmak için 1 degeri atadýk 
00FE:  MOVLW  01
00FF:  MOVWF  21
....................           } 
....................        lcd_gotoxy(sutun,1);          //Ýmlecin yerini belirledik. 
0100:  MOVF   21,W
0101:  MOVWF  23
0102:  MOVLW  01
0103:  MOVWF  24
0104:  CALL   0A9
....................        printf(lcd_putc, "A");        //Ekrana "A" harfini yazacak. 
0105:  MOVLW  41
0106:  MOVWF  22
0107:  CALL   0BB
....................        sutun++;                      //Ýmleci bir sonraki sutuna geçirmesi için artýrdýk. 
0108:  INCF   21,F
....................        while(input(pin_a0));          
0109:  BSF    03.5
010A:  BSF    05.0
010B:  BCF    03.5
010C:  BTFSC  05.0
010D:  GOTO   109
....................       } 
....................        
....................       if(input(pin_a1)){            //Ýkinci butona týkladýðýnda girecek 
010E:  BSF    03.5
010F:  BSF    05.1
0110:  BCF    03.5
0111:  BTFSS  05.1
0112:  GOTO   126
....................           if(sutun <=0){ 
0113:  MOVF   21,F
0114:  BTFSS  03.2
0115:  GOTO   118
....................             sutun=1; 
0116:  MOVLW  01
0117:  MOVWF  21
....................            } 
....................         lcd_gotoxy(sutun,1);         //Ýmlecin yerini belirledik. 
0118:  MOVF   21,W
0119:  MOVWF  23
011A:  MOVLW  01
011B:  MOVWF  24
011C:  CALL   0A9
....................         printf(lcd_putc, "L");       //Ekrana "L" harfini yazacak. 
011D:  MOVLW  4C
011E:  MOVWF  22
011F:  CALL   0BB
....................         sutun++;                     //Ýmleci bir sonraki sutuna geçirmesi için artýrdýk. 
0120:  INCF   21,F
....................          while(input(pin_a1)); 
0121:  BSF    03.5
0122:  BSF    05.1
0123:  BCF    03.5
0124:  BTFSC  05.1
0125:  GOTO   121
....................       } 
....................        
....................       if(input(pin_a2)){            //Üçüncü butona týkladýðýnda girecek 
0126:  BSF    03.5
0127:  BSF    05.2
0128:  BCF    03.5
0129:  BTFSS  05.2
012A:  GOTO   13E
....................            if(sutun <=0){ 
012B:  MOVF   21,F
012C:  BTFSS  03.2
012D:  GOTO   130
....................              sutun=1; 
012E:  MOVLW  01
012F:  MOVWF  21
....................             } 
....................         lcd_gotoxy(sutun,1);         //Ýmlecin yerini belirledik. 
0130:  MOVF   21,W
0131:  MOVWF  23
0132:  MOVLW  01
0133:  MOVWF  24
0134:  CALL   0A9
....................         printf(lcd_putc, "I");       //Ekrana "I" harfini yazacak. 
0135:  MOVLW  49
0136:  MOVWF  22
0137:  CALL   0BB
....................         sutun++;                     //Ýmleci bir sonraki sutuna geçirmesi için artýrdýk. 
0138:  INCF   21,F
....................          while(input(pin_a2)); 
0139:  BSF    03.5
013A:  BSF    05.2
013B:  BCF    03.5
013C:  BTFSC  05.2
013D:  GOTO   139
....................       } 
....................         
....................       if(input(pin_a3)){             //Dörtüncü butona týkladýðýnda girecek 
013E:  BSF    03.5
013F:  BSF    05.3
0140:  BCF    03.5
0141:  BTFSS  05.3
0142:  GOTO   156
....................          if(sutun <=0){              //Bu buton Silme yapar. 
0143:  MOVF   21,F
0144:  BTFSS  03.2
0145:  GOTO   148
....................            sutun=1; 
0146:  MOVLW  01
0147:  MOVWF  21
....................          } 
....................          sutun--;                    //Silme yapmasý için bir önceki sutuna gitmesi gerek 
0148:  DECF   21,F
....................          lcd_gotoxy(sutun,1);        //Ýmlecin yerini belirledik. 
0149:  MOVF   21,W
014A:  MOVWF  23
014B:  MOVLW  01
014C:  MOVWF  24
014D:  CALL   0A9
....................          printf(lcd_putc, " ");      //Bir önceki sutuna girdi ve orayý boþlukla degiþtirdi 
014E:  MOVLW  20
014F:  MOVWF  22
0150:  CALL   0BB
....................          while(input(pin_a3));       //ve silme baþarýlý bir þekilde tamamlandý. 
0151:  BSF    03.5
0152:  BSF    05.3
0153:  BCF    03.5
0154:  BTFSC  05.3
0155:  GOTO   151
....................       } 
0156:  GOTO   0F6
....................    } 
....................  
.................... } 
0157:  SLEEP

Configuration Fuses:
   Word  1: 3F32   HS NOWDT PUT NOBROWNOUT NOLVP NOCPD NOWRT NODEBUG NOPROTECT
